Connection Event: Carrier Detect found. 29799    Iridium console active and ready...
Vehicle Name: socco_461
Curr Time: Fri Dec 14 04:22:25 2018 MT:   29798
DR  Location: -5356.015 N     0.102 E measured     43.838 secs ago
GPS TooFar:   69696969.000 N 69696969.000 E measured     1e+308 secs ago
GPS Invalid : -5358.031 N     0.832 E measured    145.041 secs ago
GPS Location: -5356.015 N     0.102 E measured     45.136 secs ago
   sensor:c_wpt_lat(lat)=-5353.43                 29639.8 secs ago
   sensor:c_wpt_lon(lon)=0                        29639.9 secs ago
   sensor:m_battery(volts)=11.0696734369316        65.386 secs ago
   sensor:m_coulomb_amphr(amp-hrs)=5.94106245040894      5.145 secs ago
   sensor:m_coulomb_amphr_total(amp-hrs)=13.7785641068115      5.168 secs ago
   sensor:m_final_water_vx(m/s)=-0.0869207217678963    14028.5 secs ago
   sensor:m_final_water_vy(m/s)=-0.0642391060349832    14028.5 secs ago
   sensor:m_iridium_signal_strength(nodim)=5       10.228 secs ago
   sensor:m_leakdetect_voltage(volts)=2.49010989010989      5.184 secs ago
   sensor:m_leakdetect_voltage_forward(volts)=2.49355921855922      5.209 secs ago
   sensor:m_lithium_battery_relative_charge(%)=90.9944025445676      5.426 secs ago
   sensor:m_tot_num_inflections(nodim)=1540       190.458 secs ago
   sensor:m_vacuum(inHg)=10.2702571428571          27.217 secs ago
   sensor:m_water_vx(m/s)=-0.0344111190610129     112.539 secs ago
   sensor:m_water_vy(m/s)=-0.0143581575064781     112.581 secs ago
   sensor:u_use_current_correction(nodim)=0        1e+308 secs ago
   sensor:x_last_wpt_lat(lat)=-5400.0142           1e+308 secs ago
   sensor:x_last_wpt_lon(lon)=-0.1112              1e+308 secs ago
 29800    No login script found for processing.
:OOD:digifin_mgr_ctrl:OUT OF DEADBAND: M_FIN:0.0646 C_FIN:0.0000




Glider socco_461 at surface.
Because:pitch not commanded [behavior surface_4 start_when = 2.0]
MissionName:STORMII.MI MissionNum:socco_461-2018-346-13-2 (0405.0002)
Vehicle Name: socco_461
Curr Time: Fri Dec 14 04:22:43 2018 MT:   29817
DR  Location: -5356.015 N     0.102 E measured     62.375 secs ago
GPS TooFar:   69696969.000 N 69696969.000 E measured     1e+308 secs ago
GPS Invalid : -5358.031 N     0.832 E measured    163.578 secs ago
GPS Location: -5356.015 N     0.102 E measured     63.674 secs ago
   sensor:c_wpt_lat(lat)=-5353.43                 29658.3 secs ago
   sensor:c_wpt_lon(lon)=0                        29658.3 secs ago
   sensor:m_battery(volts)=11.0553673874998        17.565 secs ago
   sensor:m_coulomb_amphr(amp-hrs)=5.94343757629394      4.353 secs ago
   sensor:m_coulomb_amphr_total(amp-hrs)=13.7809392326965      4.368 secs ago
   sensor:m_final_water_vx(m/s)=-0.0869207217678963    14046.9 secs ago
   sensor:m_final_water_vy(m/s)=-0.0642391060349832      14047 secs ago
   sensor:m_iridium_signal_strength(nodim)=5       28.649 secs ago
   sensor:m_leakdetect_voltage(volts)=2.49010989010989     23.599 secs ago
   sensor:m_leakdetect_voltage_forward(volts)=2.49355921855922     23.615 secs ago
   sensor:m_lithium_battery_relative_charge(%)=90.9928501747082      4.581 secs ago
   sensor:m_tot_num_inflections(nodim)=1540       208.845 secs ago
   sensor:m_vacuum(inHg)=10.2702571428571          45.589 secs ago
   sensor:m_water_vx(m/s)=-0.0344111190610129     130.903 secs ago
   sensor:m_water_vy(m/s)=-0.0143581575064781     130.935 secs ago
   sensor:u_use_current_correction(nodim)=0        1e+308 secs ago
   sensor:x_last_wpt_lat(lat)=-5400.0142           1e+308 secs ago
   sensor:x_last_wpt_lon(lon)=-0.1112              1e+308 secs ago
devices:(t/m/s) errs:   0/   0/   0 warn:   4/   1/   0 odd:  17/   9/   3
ABORT HISTORY: total since reset: 0

   Hit Control-R to RESUME the mission, i.e. dive!
   Hit Control-C to END    the mission, i.e. GliderDos
   Hit Control-E to extend surface time by 5 minutes.
   Hit Control-W to get device warning reports.
   Hit Control-F to re-read yo, goto_l, surface, sample, drift_ mafiles.
   Hit H <n> <0:1> to Hangup and call back in <n> minutes at 0-primary 1-alternate number.
   Hit S [-f={rf}|{irid] [-num=<n>] [-t=<s>] [filespec ...] to send log files
   Hit ! <GliderDos cmd>  to execute <GliderDos cmd>
   Hit Control-T to consci to science computer when comms ready:
                                               ... communications ready for consci.

Water Velocity Calculations waiting for final gps fix(ideally -55 secs)
Waypoint: (-5353.4300,0.0000) Range: 4797m, Bearing: 17deg, Age: 8:14h:m
Time until diving is: 533 secs
:OOD:digifin_mgr_ctrl:OUT OF DEADBAND: M_FIN:0.0309 C_FIN:0.0000
s *.sbd *.tbd

--------------------------------
 29837 67 04050002.mlg LOG FILE CLOSED
SCIENCE DATA LOGGING: science IS running
CONSCI REQUESTED (using IRIDIUM as console)
ASKING SCIENCE COMPUTER TO SWITCH TO COMMAND MODE via IRIDIUM
:OOD:digifin_mgr_ctrl:OUT OF DEADBAND: M_FIN:-0.0225 C_FIN:0.0000
SWITCHING TO SCIENCE COMMAND MODE over IRIDIUM
Normal operation resumes when:
    SciDos> QUIT              -or-
    Lose CD (unplug freewave/hangup iridium) -or-
    run longer than U_SCI_CMD_MAX_CONSCI_TIME(3600)s
 29846 70 Neutering the Freewave Console
SCI: Implicitly limiting total transfer to 1800 secs, representing 180 KB total size
SCI: Enumerating and selecting files
SCI: About to send 2 files
Prechecking is not necessary for this invocation
START
**B00000000000000?
SHUFFLING FILES..
SCI: Sent 2 file(s):
c:\logs\04050002.TBD  c:\logs\04050001.TBD
SCI: SUCCESS
 30052 18 Freewave console restored
REVERTING FROM SCIENCE COMMAND MODE
SCIENCE COMMAND MODE TERMINATED because:
   Science Program QUIT (cts lowered)
GLD: Enumerating and selecting files
GLD: About to send 2 files
Prechecking is not necessary for this invocation
 30053    save_and_change_sensors()....
          Changed u_use_ctd_depth_for_flying from 0 to 0
          Changed c_science_on from 1 to 0
 30053    save_and_change_sensors()....
          Changed c_science_printout from 0 to 0
Waiting for motors idle
START
**B00000000000000?s()....
 30200    restore_sensors()....
          Restored c_science_printout from 0 to 0

SHUFFLING FILES..
GLD: Sent 2 file(s):
c:\logs\04050002.SBD  c:\logs\04050001.SBD
GLD: SUCCESS
Glider-Science software version match: 7.210000
Science hardware version is 2.000000
 30207 20 SCI:PROGLET house_elf begin() called
 30207    SCI:   house_elf: Version 1.2
 30208    SCI:PROGLET ctd41cp begin() called
 30208    SCI:   ctd41cp: Version 0.2
 30208    SCI:     ctd41cp:  Will be sending the following data to glider:
 30208    SCI:           sci_water_cond(s/m)
 30208    SCI:           sci_water_temp(degc)
 30208    SCI:           sci_water_pressure(bar)
 30208    SCI:           sci_ctd41cp_timestamp(timestamp)
 30208    SCI:PROGLET logger begin() called
 30208    SCI:   logger: Version 0.2
 30208    SCI:          sci_logger_status(enum)
 30208    SCI:PROGLET oxy4 begin() called
 30209    SCI:   oxy4: Version 0.0
 30209    SCI:     oxy4:  Will be sending following data to glider:
 30209    SCI:           sci_oxy4_oxygen(um)
 30209    SCI:           sci_oxy4_saturation(%)
 30209    SCI:           sci_oxy4_temp(degc)
 30209    SCI:           sci_oxy4_calphase(deg)
 30209    SCI:           sci_oxy4_tcphase(deg)
 30209    SCI:           sci_oxy4_c1rph(deg)
 30209    SCI:           sci_oxy4_c2rph(deg)
 30209    SCI:           sci_oxy4_c1amp(mv)
 30209    SCI:           sci_oxy4_c2amp(mv)
 30209    SCI:           sci_oxy4_rawtemp(mv)
 30210    SCI:           sci_oxy4_timestamp(timestamp)
 30210    SCI:  Opening Bit(2) for output
 30210    SCI:Bit(2) use count is now 1.
 30210 21 SCI:Bit(2) raise count is now 0.
 30210    SCI:Bit(2) raise count is now 0.
 30210    SCI:PROGLET bb2flsV8 begin() called
 30210    SCI:   bb2flsV8: Version 0.1
 30211    SCI:     bb2flsV8:  Will be sending following data to glider:
 30211    SCI:           sci_bb2flsv8_b470_scaled(nodim)
 30211    SCI:           sci_bb2flsv8_b700_scaled(nodim)
 30211    SCI:           sci_bb2flsv8_chl_scaled(ug/l)
 30211    SCI:           sci_bb2flsv8_b470_sig(nodim)
 30211    SCI:           sci_bb2flsv8_b700_sig(nodim)
 30212    SCI:           sci_bb2flsv8_chl_sig(nodim)
 30212    SCI:           sci_bb2flsv8_b470_ref(nodim)
 30217 23 SCI:           sci_bb2flsv8_b700_ref(nodim)
 30217    SCI:           sci_bb2flsv8_chl_ref(nodim)
 30217    SCI:           sci_bb2flsv8_therm(nodim)
 30218    SCI:           sci_bb2flsv8_timestamp(timestamp)
 30218    SCI:  Opening Bit(0) for output
 30218    SCI:Bit(0) use count is now 1.
 30218    SCI:Bit(0) raise count is now 0.
 30218    SCI:Bit(0) raise count is now 0.
 30220    SCI:PROGLET house_elf start() called
 30220    SCI:       house_elf_run(): 0 error(s) in a row. (5 is fatal)
 30220    SCI:       house_elf_run(): 0 error(s) since house_elf_begin(). (50 is fatal)
 30283 26 04050003.mlg LOG FILE OPENED

--------------------------------
 30283    behavior surface_4: SUBSTATE 7 ->7 : After data transmission, waiting for control-C to exit/resume




Glider socco_461 at surface.
Because:pitch not commanded [behavior surface_4 start_when = 2.0]
MissionName:STORMII.MI MissionNum:socco_461-2018-346-13-3 (0405.0003)
Vehicle Name: socco_461
Curr Time: Fri Dec 14 04:30:33 2018 MT:   30286
DR  Location: -5356.015 N     0.102 E measured    531.742 secs ago
GPS TooFar:   69696969.000 N 69696969.000 E measured     1e+308 secs ago
GPS Invalid : -5358.031 N     0.832 E measured    632.946 secs ago
GPS Location: -5356.015 N     0.102 E measured    533.041 secs ago
   sensor:c_wpt_lat(lat)=-5353.43                 30127.7 secs ago
   sensor:c_wpt_lon(lon)=0                        30127.7 secs ago
   sensor:m_battery(volts)=11.0288030541222         2.784 secs ago
   sensor:m_coulomb_amphr(amp-hrs)=6.02181243896484      2.958 secs ago
   sensor:m_coulomb_amphr_total(amp-hrs)=13.8593140953674      2.972 secs ago
   sensor:m_final_water_vx(m/s)=-0.0869207217678963    14516.3 secs ago
   sensor:m_final_water_vy(m/s)=-0.0642391060349832    14516.3 secs ago
   sensor:m_iridium_signal_strength(nodim)=5      498.015 secs ago
   sensor:m_leakdetect_voltage(volts)=2.49044566544567      2.867 secs ago
   sensor:m_leakdetect_voltage_forward(volts)=2.49276556776557      2.881 secs ago
   sensor:m_lithium_battery_relative_charge(%)=90.9416247742696      3.182 secs ago
   sensor:m_tot_num_inflections(nodim)=1540       678.211 secs ago
   sensor:m_vacuum(inHg)=11.5226428571429           3.163 secs ago
   sensor:m_water_vx(m/s)=-0.0344111190610129     600.267 secs ago
   sensor:m_water_vy(m/s)=-0.0143581575064781     600.299 secs ago
   sensor:u_use_current_correction(nodim)=0        1e+308 secs ago
   sensor:x_last_wpt_lat(lat)=-5400.0142           1e+308 secs ago
   sensor:x_last_wpt_lon(lon)=-0.1112              1e+308 secs ago
devices:(t/m/s) errs:   0/   0/   0 warn:   4/   1/   0 odd:  19/  11/   5
ABORT HISTORY: total since reset: 0

   Hit Control-R to RESUME the mission, i.e. dive!
   Hit Control-C to END    the mission, i.e. GliderDos
   Hit Control-E to extend surface time by 5 minutes.
   Hit Control-W to get device warning reports.
   Hit Control-F to re-read yo, goto_l, surface, sample, drift_ mafiles.
   Hit H <n> <0:1> to Hangup and call back in <n> minutes at 0-primary 1-alternate number.
   Hit S [-f={rf}|{irid] [-num=<n>] [-t=<s>] [filespec ...] to send log files
   Hit ! <GliderDos cmd>  to execute <GliderDos cmd>
   Hit Control-T to consci to science computer when comms ready:
                                               ... communications ready for consci.

Water Velocity Calculations waiting for final gps fix(ideally -524 secs)
Waypoint: (-5353.4300,0.0000) Range: 4797m, Bearing: 17deg, Age: 8:22h:m
*
I heard a character ('*'), but not the right one
Drained the following 39 pending chars from input buffer:
2a 18 42 30 38 30 30 30       *   ^X  B   0   8   0   0   0       *.B08000
30 30 30 30 30 30 32 32       0   0   0   0   0   0   2   2       00000022
64 0d 8a 2a 2a 18 42 30       d   CR  .   *   *   ^X  B   0       d..**.B0
38 30 30 30 30 30 30 30       8   0   0   0   0   0   0   0       80000000
30 30 32 32 64 0d 8a          0   0   2   2   d   CR  .           0022d.. 
Time until diving is: 594 secs
:OOD:digifin_mgr_ctrl:OUT OF DEADBAND: M_FIN:0.0449 C_FIN:0.0000
:OOD:digifin_mgr_ctrl:OUT OF DEADBAND: M_FIN:0.0365 C_FIN:0.0000
:OOD:digifin_mgr_ctrl:OUT OF DEADBAND: M_FIN:0.0983 C_FIN:0.0000




Glider socco_461 at surface.
Because:pitch not commanded [behavior surface_4 start_when = 2.0]
MissionName:STORMII.MI MissionNum:socco_461-2018-346-13-3 (0405.0003)
Vehicle Name: socco_461
Curr Time: Fri Dec 14 04:31:35 2018 MT:   30349
DR  Location: -5356.015 N     0.102 E measured    594.543 secs ago
GPS TooFar:   69696969.000 N 69696969.000 E measured     1e+308 secs ago
GPS Invalid : -5358.031 N     0.832 E measured    695.747 secs ago
GPS Location: -5356.015 N     0.102 E measured    595.842 secs ago
   sensor:c_wpt_lat(lat)=-5353.43                 30190.5 secs ago
   sensor:c_wpt_lon(lon)=0                        30190.5 secs ago
   sensor:m_battery(volts)=11.0061845313718         4.178 secs ago
   sensor:m_coulomb_amphr(amp-hrs)=6.02893733978271      4.333 secs ago
   sensor:m_coulomb_amphr_total(amp-hrs)=13.8664389961853      4.347 secs ago
   sensor:m_final_water_vx(m/s)=-0.0869207217678963    14579.1 secs ago
   sensor:m_final_water_vy(m/s)=-0.0642391060349832    14579.1 secs ago
   sensor:m_iridium_signal_strength(nodim)=5      560.818 secs ago
   sensor:m_leakdetect_voltage(volts)=2.49068986568987      4.303 secs ago
   sensor:m_leakdetect_voltage_forward(volts)=2.49383394383394      4.316 secs ago
   sensor:m_lithium_battery_relative_charge(%)=90.9369679763495      4.559 secs ago
   sensor:m_tot_num_inflections(nodim)=1540       741.013 secs ago
   sensor:m_vacuum(inHg)=11.5226428571429          65.965 secs ago
   sensor:m_water_vx(m/s)=-0.0344111190610129     663.069 secs ago
   sensor:m_water_vy(m/s)=-0.0143581575064781     663.101 secs ago
   sensor:u_use_current_correction(nodim)=0        1e+308 secs ago
   sensor:x_last_wpt_lat(lat)=-5400.0142           1e+308 secs ago
   sensor:x_last_wpt_lon(lon)=-0.1112              1e+308 secs ago
devices:(t/m/s) errs:   0/   0/   0 warn:   4/   1/   0 odd:  19/  11/   5
ABORT HISTORY: total since reset: 0

   Hit Control-R to RESUME the mission, i.e. dive!
   Hit Control-C to END    the mission, i.e. GliderDos
   Hit Control-E to extend surface time by 5 minutes.
   Hit Control-W to get device warning reports.
   Hit Control-F to re-read yo, goto_l, surface, sample, drift_ mafiles.
   Hit H <n> <0:1> to Hangup and call back in <n> minutes at 0-primary 1-alternate number.
   Hit S [-f={rf}|{irid] [-num=<n>] [-t=<s>] [filespec ...] to send log files
   Hit ! <GliderDos cmd>  to execute <GliderDos cmd>
   Hit Control-T to consci to science computer when comms ready:
                                               ... communications ready for consci.

Water Velocity Calculations waiting for final gps fix(ideally -587 secs)
Waypoint: (-5353.4300,0.0000) Range: 4797m, Bearing: 17deg, Age: 8:23h:m
Time until diving is: 531 secs




Glider socco_461 at surface.
Because:pitch not commanded [behavior surface_4 start_when = 2.0]
MissionName:STORMII.MI MissionNum:socco_461-2018-346-13-3 (0405.0003)
Vehicle Name: socco_461
Curr Time: Fri Dec 14 04:32:39 2018 MT:   30413
DR  Location: -5356.015 N     0.102 E measured    657.831 secs ago
GPS TooFar:   69696969.000 N 69696969.000 E measured     1e+308 secs ago
GPS Invalid : -5358.031 N     0.832 E measured    759.036 secs ago
GPS Location: -5356.015 N     0.102 E measured    659.131 secs ago
   sensor:c_wpt_lat(lat)=-5353.43                 30253.8 secs ago
   sensor:c_wpt_lon(lon)=0                        30253.8 secs ago
   sensor:m_battery(volts)=10.9700329891015         4.172 secs ago
   sensor:m_coulomb_amphr(amp-hrs)=6.03606271743774      4.353 secs ago
   sensor:m_coulomb_amphr_total(amp-hrs)=13.8735643738403      4.365 secs ago
   sensor:m_final_water_vx(m/s)=-0.0869207217678963    14642.4 secs ago
   sensor:m_final_water_vy(m/s)=-0.0642391060349832    14642.4 secs ago
   sensor:m_iridium_signal_strength(nodim)=5      624.104 secs ago
   sensor:m_leakdetect_voltage(volts)=2.49096459096459      4.275 secs ago
   sensor:m_leakdetect_voltage_forward(volts)=2.49362026862027       4.29 secs ago
   sensor:m_lithium_battery_relative_charge(%)=90.932310866771      4.575 secs ago
   sensor:m_tot_num_inflections(nodim)=1540       804.299 secs ago
   sensor:m_vacuum(inHg)=11.5172571428571            4.55 secs ago
   sensor:m_water_vx(m/s)=-0.0344111190610129     726.355 secs ago
   sensor:m_water_vy(m/s)=-0.0143581575064781     726.388 secs ago
   sensor:u_use_current_correction(nodim)=0        1e+308 secs ago
   sensor:x_last_wpt_lat(lat)=-5400.0142           1e+308 secs ago
   sensor:x_last_wpt_lon(lon)=-0.1112              1e+308 secs ago
devices:(t/m/s) errs:   0/   0/   0 warn:   4/   1/   0 odd:  19/  11/   5
ABORT HISTORY: total since reset: 0

   Hit Control-R to RESUME the mission, i.e. dive!
   Hit Control-C to END    the mission, i.e. GliderDos
   Hit Control-E to extend surface time by 5 minutes.
   Hit Control-W to get device warning reports.
   Hit Control-F to re-read yo, goto_l, surface, sample, drift_ mafiles.
   Hit H <n> <0:1> to Hangup and call back in <n> minutes at 0-primary 1-alternate number.
   Hit S [-f={rf}|{irid] [-num=<n>] [-t=<s>] [filespec ...] to send log files
   Hit ! <GliderDos cmd>  to execute <GliderDos cmd>
   Hit Control-T to consci to science computer when comms ready:
                                               ... communications ready for consci.

Water Velocity Calculations waiting for final gps fix(ideally -650 secs)
Waypoint: (-5353.4300,0.0000) Range: 4797m, Bearing: 17deg, Age: 8:24h:m
Time until diving is: 468 secs
^R 30432 57 behavior surface_4: User typed Control-R, resuming


   I heard a Control-R
   RESUMING MISSION

Megabytes used      on CF file system = 18.718750
Megabytes available on CF file system = 1979.250000
 30436    04050003.mlg LOG FILE CLOSED
Doing system wide housekeeping.......
report_heap_size(): M_FREE_HEAP=209.0K,  M_SPARE_HEAP=190.0K
Running algorithm to free disk space if required
Not necessary to delete any files at this time
Writing longterm state disk file: c:/state/longterm.sta
   c_iridium_no_char_timeout(mins) 12.000000
   c_iridium_phone_num_alt(digits) 17818711051.000000
   f_ocean_pressure_min(volts) 0.078123
   m_avg_climb_rate(m/s) -0.166600
   m_avg_speed(m/s) 0.303709
   m_avg_upward_inflection_time(sec) 173.633639
   m_battery(volts) 10.970033
   m_coulomb_amphr_total(amp-hrs) 13.877127
   m_iridium_call_num(nodim) 1169.000000
   m_iridium_dialed_num(nodim) 3102.000000
   m_lat(lat) -5356.015100
   m_lon(lon) 0.102500
   m_tot_ballast_pumped_energy(kjoules) 0.000000
   m_tot_horz_dist(km) 850.758037
   m_tot_num_inflections(nodim) 1540.000000
   m_tot_num_thermal_valve_cmd(nodim) 1525.000000
   m_weight_drop(bool) 0.000000
   s_water_depth_avg(m) 100.000000
   s_water_depth_delta(m) 0.000000
   s_water_depth_wavelength(m) 100.000000
   x_hover_ballast_deep(cc) 0.000000
   x_hover_ballast_shallow(cc) 0.000000
   x_hover_depth_deep(m) 0.000000
   x_hover_depth_shallow(m) 0.000000
   x_last_wpt_lat(lat) -5400.014200
   x_last_wpt_lon(lon) -0.111200
The instantaneous lag time between the system and gps clock is -10.0 seconds.
The average lag time between the system and gps clock is -10.4 seconds.
Housekeeping is done
 30501 62 04050004.mlg LOG FILE OPENED
Megabytes used      on CF file system = 18.843750
Megabytes available on CF file system = 1979.125000
 30503    init_gps_input()
 30503    behavior surface_4: SUBSTATE 7 ->10 : Waiting for final gps fix
surface_4: Waiting for final GPS fix.
 30505    disabling Iridium console...
